22:14:37.680 [main] INFO  testCases.TC_002_LoginTest - Launching Chrome Browser...
22:14:38.716 [main] INFO  testCases.TC_002_LoginTest - Launching Browser...
22:14:39.144 [main] INFO  testCases.TC_002_LoginTest - Starting TC_002_LoginTest
22:14:39.742 [main] INFO  testCases.TC_002_LoginTest - Finished TC_002_LoginTest
22:14:39.742 [main] INFO  testCases.TC_002_LoginTest - Closing application....
22:27:32.988 [main] INFO  testCases.TC_001_AccountRegistrationTest - Launching Chrome Browser...
22:27:35.662 [main] INFO  testCases.TC_001_AccountRegistrationTest - Launching Browser...
22:27:36.104 [main] INFO  testCases.TC_001_AccountRegistrationTest - ********** staring TC_001_AccountRegistrationTest  ********
22:27:36.104 [main] INFO  testCases.TC_001_AccountRegistrationTest - *** Generatingdebug logs...
22:27:36.174 [main] INFO  testCases.TC_001_AccountRegistrationTest - Clicked on My Account link
22:27:36.402 [main] INFO  testCases.TC_001_AccountRegistrationTest - Clicked on Registerlink
22:27:36.407 [main] INFO  testCases.TC_001_AccountRegistrationTest - Providing customer details.....
22:27:36.678 [main] INFO  testCases.TC_001_AccountRegistrationTest - Clicked on Continue button..
22:27:37.002 [main] INFO  testCases.TC_001_AccountRegistrationTest - test passed
22:27:37.004 [main] INFO  testCases.TC_001_AccountRegistrationTest - ********** Finished TC_001_AccountRegistrationTest  ********
22:27:37.016 [main] INFO  testCases.TC_001_AccountRegistrationTest - Closing application....
22:27:37.131 [main] INFO  testCases.TC_002_LoginTest - Launching Chrome Browser...
22:27:38.339 [main] INFO  testCases.TC_002_LoginTest - Launching Browser...
22:27:38.768 [main] INFO  testCases.TC_002_LoginTest - Starting TC_002_LoginTest
22:27:39.389 [main] INFO  testCases.TC_002_LoginTest - Finished TC_002_LoginTest
22:27:39.390 [main] INFO  testCases.TC_002_LoginTest - Closing application....
22:28:40.898 [main] INFO  testCases.TC_001_AccountRegistrationTest - Launching Chrome Browser...
22:28:42.789 [main] INFO  testCases.TC_001_AccountRegistrationTest - Launching Browser...
22:28:43.245 [main] INFO  testCases.TC_001_AccountRegistrationTest - ********** staring TC_001_AccountRegistrationTest  ********
22:28:43.246 [main] INFO  testCases.TC_001_AccountRegistrationTest - *** Generatingdebug logs...
22:28:43.301 [main] INFO  testCases.TC_001_AccountRegistrationTest - Clicked on My Account link
22:28:43.494 [main] INFO  testCases.TC_001_AccountRegistrationTest - Clicked on Registerlink
22:28:43.499 [main] INFO  testCases.TC_001_AccountRegistrationTest - Providing customer details.....
22:28:43.741 [main] INFO  testCases.TC_001_AccountRegistrationTest - Clicked on Continue button..
22:28:44.063 [main] INFO  testCases.TC_001_AccountRegistrationTest - test passed
22:28:44.064 [main] INFO  testCases.TC_001_AccountRegistrationTest - ********** Finished TC_001_AccountRegistrationTest  ********
22:28:44.070 [main] INFO  testCases.TC_001_AccountRegistrationTest - Closing application....
22:28:44.183 [main] INFO  testCases.TC_002_LoginTest - Launching Chrome Browser...
22:28:45.121 [main] INFO  testCases.TC_002_LoginTest - Launching Browser...
22:28:45.550 [main] INFO  testCases.TC_002_LoginTest - Starting TC_002_LoginTest
22:28:46.188 [main] INFO  testCases.TC_002_LoginTest - Finished TC_002_LoginTest
22:28:46.189 [main] INFO  testCases.TC_002_LoginTest - Closing application....
22:38:36.896 [main] INFO  testCases.TC_001_AccountRegistrationTest - Launching Chrome Browser...
22:38:39.949 [main] INFO  testCases.TC_001_AccountRegistrationTest - Launching Browser...
22:38:40.394 [main] INFO  testCases.TC_001_AccountRegistrationTest - ********** staring TC_001_AccountRegistrationTest  ********
22:38:40.394 [main] INFO  testCases.TC_001_AccountRegistrationTest - *** Generatingdebug logs...
22:38:40.486 [main] INFO  testCases.TC_001_AccountRegistrationTest - Clicked on My Account link
22:38:40.732 [main] INFO  testCases.TC_001_AccountRegistrationTest - Clicked on Registerlink
22:38:40.738 [main] INFO  testCases.TC_001_AccountRegistrationTest - Providing customer details.....
22:38:41.044 [main] INFO  testCases.TC_001_AccountRegistrationTest - Clicked on Continue button..
22:38:41.366 [main] INFO  testCases.TC_001_AccountRegistrationTest - test passed
22:38:41.368 [main] INFO  testCases.TC_001_AccountRegistrationTest - ********** Finished TC_001_AccountRegistrationTest  ********
22:38:41.374 [main] INFO  testCases.TC_001_AccountRegistrationTest - Closing application....
22:38:41.496 [main] INFO  testCases.TC_002_LoginTest - Launching Chrome Browser...
22:38:42.489 [main] INFO  testCases.TC_002_LoginTest - Launching Browser...
22:38:42.917 [main] INFO  testCases.TC_002_LoginTest - Starting TC_002_LoginTest
22:38:43.511 [main] INFO  testCases.TC_002_LoginTest - Finished TC_002_LoginTest
22:38:43.511 [main] INFO  testCases.TC_002_LoginTest - Closing application....
22:39:33.668 [main] INFO  testCases.TC_001_AccountRegistrationTest - Launching Chrome Browser...
