18:14:20.767 [main] INFO  testCases.TC_001_AccountRegistrationTest - *** Generatingdebug logs...
18:14:21.343 [main] INFO  testCases.TC_001_AccountRegistrationTest - Clicked on My Account link
18:14:22.335 [main] INFO  testCases.TC_001_AccountRegistrationTest - Clicked on Registerlink
18:14:22.342 [main] INFO  testCases.TC_001_AccountRegistrationTest - Providing customer details.....
18:14:23.734 [main] INFO  testCases.TC_001_AccountRegistrationTest - Clicked on Continue button..
18:14:24.112 [main] INFO  testCases.TC_001_AccountRegistrationTest - test passed
18:14:24.113 [main] INFO  testCases.TC_001_AccountRegistrationTest - ********** Finished TC_001_AccountRegistrationTest  ********
18:14:24.136 [main] INFO  testCases.TC_001_AccountRegistrationTest - Closing application....
18:14:24.274 [main] INFO  testCases.TC_002_LoginTest - Launching Chrome Browser...
18:14:30.564 [main] INFO  testCases.TC_002_LoginTest - Launching Browser...
18:14:30.997 [main] INFO  testCases.TC_002_LoginTest - Starting TC_002_LoginTest
18:14:34.112 [main] INFO  testCases.TC_002_LoginTest - Closing application....
18:19:53.377 [main] INFO  testCases.TC_001_AccountRegistrationTest - Launching Chrome Browser...
18:20:03.455 [main] INFO  testCases.TC_001_AccountRegistrationTest - Launching Browser...
18:20:03.913 [main] INFO  testCases.TC_001_AccountRegistrationTest - ********** staring TC_001_AccountRegistrationTest  ********
18:20:03.913 [main] INFO  testCases.TC_001_AccountRegistrationTest - *** Generatingdebug logs...
18:20:04.488 [main] INFO  testCases.TC_001_AccountRegistrationTest - Clicked on My Account link
18:20:05.522 [main] INFO  testCases.TC_001_AccountRegistrationTest - Clicked on Registerlink
18:20:05.532 [main] INFO  testCases.TC_001_AccountRegistrationTest - Providing customer details.....
18:20:06.911 [main] INFO  testCases.TC_001_AccountRegistrationTest - Clicked on Continue button..
18:20:07.295 [main] INFO  testCases.TC_001_AccountRegistrationTest - test passed
18:20:07.296 [main] INFO  testCases.TC_001_AccountRegistrationTest - ********** Finished TC_001_AccountRegistrationTest  ********
18:20:07.324 [main] INFO  testCases.TC_001_AccountRegistrationTest - Closing application....
18:20:07.465 [main] INFO  testCases.TC_002_LoginTest - Launching Chrome Browser...
18:20:13.912 [main] INFO  testCases.TC_002_LoginTest - Launching Browser...
18:20:14.362 [main] INFO  testCases.TC_002_LoginTest - Starting TC_002_LoginTest
18:20:17.177 [main] INFO  testCases.TC_002_LoginTest - Finished TC_002_LoginTest
18:20:17.182 [main] INFO  testCases.TC_002_LoginTest - Closing application....
23:34:06.852 [main] INFO  testCases.TC_003_LoginDataDrivenTest - Launching Chrome Browser...
23:34:44.754 [main] INFO  testCases.TC_003_LoginDataDrivenTest - Launching Browser...
23:34:45.244 [main] INFO  testCases.TC_003_LoginDataDrivenTest - Closing application....
23:38:09.568 [main] INFO  testCases.TC_003_LoginDataDrivenTest - Launching Chrome Browser...
23:38:18.503 [main] INFO  testCases.TC_003_LoginDataDrivenTest - Launching Browser...
23:38:18.972 [main] INFO  testCases.TC_003_LoginDataDrivenTest - Closing application....
23:39:10.239 [main] INFO  testCases.TC_003_LoginDataDrivenTest - Launching Chrome Browser...
23:39:18.645 [main] INFO  testCases.TC_003_LoginDataDrivenTest - Launching Browser...
23:39:19.117 [main] INFO  testCases.TC_003_LoginDataDrivenTest - Closing application....
23:45:38.159 [main] INFO  testCases.TC_003_LoginDataDrivenTest - Launching Chrome Browser...
23:45:48.871 [main] INFO  testCases.TC_003_LoginDataDrivenTest - Launching Browser...
23:45:50.525 [main] INFO  testCases.TC_003_LoginDataDrivenTest - Starting TC_003_LoginDataDrivenTest
23:45:53.869 [main] INFO  testCases.TC_003_LoginDataDrivenTest -  Finished TC_003_LoginDataDrivenTest
23:45:53.887 [main] INFO  testCases.TC_003_LoginDataDrivenTest - Starting TC_003_LoginDataDrivenTest
23:46:04.452 [main] INFO  testCases.TC_003_LoginDataDrivenTest - Starting TC_003_LoginDataDrivenTest
23:46:14.901 [main] INFO  testCases.TC_003_LoginDataDrivenTest - Starting TC_003_LoginDataDrivenTest
23:46:25.604 [main] INFO  testCases.TC_003_LoginDataDrivenTest - Starting TC_003_LoginDataDrivenTest
23:46:36.136 [main] INFO  testCases.TC_003_LoginDataDrivenTest - Closing application....
23:52:50.891 [main] INFO  testCases.TC_003_LoginDataDrivenTest - Launching Chrome Browser...
23:53:01.349 [main] INFO  testCases.TC_003_LoginDataDrivenTest - Launching Browser...
23:53:02.952 [main] INFO  testCases.TC_003_LoginDataDrivenTest - Starting TC_003_LoginDataDrivenTest
23:53:06.053 [main] INFO  testCases.TC_003_LoginDataDrivenTest -  Finished TC_003_LoginDataDrivenTest
23:53:06.070 [main] INFO  testCases.TC_003_LoginDataDrivenTest - Starting TC_003_LoginDataDrivenTest
23:53:16.635 [main] INFO  testCases.TC_003_LoginDataDrivenTest - Starting TC_003_LoginDataDrivenTest
23:53:27.191 [main] INFO  testCases.TC_003_LoginDataDrivenTest - Starting TC_003_LoginDataDrivenTest
23:53:37.977 [main] INFO  testCases.TC_003_LoginDataDrivenTest - Starting TC_003_LoginDataDrivenTest
