12:25:21.063 [main] INFO  testCases.TC_001_AccountRegistrationTest - ********** Finished TC_001_AccountRegistrationTest  ********
12:25:21.090 [main] INFO  testCases.TC_001_AccountRegistrationTest - Closing application....
13:31:57.173 [main] INFO  testCases.TC_001_AccountRegistrationTest - Launching Chrome Browser...
13:32:08.293 [main] INFO  testCases.TC_001_AccountRegistrationTest - Launching Browser...
13:32:08.756 [main] INFO  testCases.TC_001_AccountRegistrationTest - ********** staring TC_001_AccountRegistrationTest  ********
13:32:08.757 [main] INFO  testCases.TC_001_AccountRegistrationTest - *** Generatingdebug logs...
13:32:09.453 [main] INFO  testCases.TC_001_AccountRegistrationTest - Clicked on My Account link
13:32:10.564 [main] INFO  testCases.TC_001_AccountRegistrationTest - Clicked on Registerlink
13:32:10.574 [main] INFO  testCases.TC_001_AccountRegistrationTest - Providing customer details.....
13:32:12.130 [main] INFO  testCases.TC_001_AccountRegistrationTest - Clicked on Continue button..
13:32:12.561 [main] INFO  testCases.TC_001_AccountRegistrationTest - test passed
13:32:12.562 [main] INFO  testCases.TC_001_AccountRegistrationTest - ********** Finished TC_001_AccountRegistrationTest  ********
13:32:12.586 [main] INFO  testCases.TC_001_AccountRegistrationTest - Closing application....
13:32:12.756 [main] INFO  testCases.TC_002_LoginTest - Launching Chrome Browser...
13:32:19.393 [main] INFO  testCases.TC_002_LoginTest - Launching Browser...
13:32:19.828 [main] INFO  testCases.TC_002_LoginTest - Starting TC_002_LoginTest
13:32:33.138 [main] INFO  testCases.TC_002_LoginTest - Closing application....
13:34:06.115 [main] INFO  testCases.TC_001_AccountRegistrationTest - Launching Chrome Browser...
13:34:16.656 [main] INFO  testCases.TC_001_AccountRegistrationTest - Launching Browser...
13:34:17.122 [main] INFO  testCases.TC_001_AccountRegistrationTest - ********** staring TC_001_AccountRegistrationTest  ********
13:34:17.122 [main] INFO  testCases.TC_001_AccountRegistrationTest - *** Generatingdebug logs...
13:34:17.797 [main] INFO  testCases.TC_001_AccountRegistrationTest - Clicked on My Account link
13:34:18.831 [main] INFO  testCases.TC_001_AccountRegistrationTest - Clicked on Registerlink
13:34:18.844 [main] INFO  testCases.TC_001_AccountRegistrationTest - Providing customer details.....
13:34:20.462 [main] INFO  testCases.TC_001_AccountRegistrationTest - Clicked on Continue button..
13:34:30.508 [main] ERROR testCases.TC_001_AccountRegistrationTest - test failed
13:34:30.825 [main] INFO  testCases.TC_001_AccountRegistrationTest - Closing application....
13:34:30.991 [main] INFO  testCases.TC_002_LoginTest - Launching Chrome Browser...
13:34:37.682 [main] INFO  testCases.TC_002_LoginTest - Launching Browser...
13:34:38.114 [main] INFO  testCases.TC_002_LoginTest - Starting TC_002_LoginTest
13:34:51.322 [main] INFO  testCases.TC_002_LoginTest - Closing application....
13:36:18.336 [main] INFO  testCases.TC_001_AccountRegistrationTest - Launching Chrome Browser...
13:36:28.757 [main] INFO  testCases.TC_001_AccountRegistrationTest - Launching Browser...
13:36:29.222 [main] INFO  testCases.TC_001_AccountRegistrationTest - ********** staring TC_001_AccountRegistrationTest  ********
13:36:29.222 [main] INFO  testCases.TC_001_AccountRegistrationTest - *** Generatingdebug logs...
13:36:29.884 [main] INFO  testCases.TC_001_AccountRegistrationTest - Clicked on My Account link
13:36:30.961 [main] INFO  testCases.TC_001_AccountRegistrationTest - Clicked on Registerlink
13:36:30.973 [main] INFO  testCases.TC_001_AccountRegistrationTest - Providing customer details.....
13:36:32.401 [main] INFO  testCases.TC_001_AccountRegistrationTest - Clicked on Continue button..
13:36:32.805 [main] INFO  testCases.TC_001_AccountRegistrationTest - test passed
13:36:32.807 [main] INFO  testCases.TC_001_AccountRegistrationTest - ********** Finished TC_001_AccountRegistrationTest  ********
13:36:32.831 [main] INFO  testCases.TC_001_AccountRegistrationTest - Closing application....
13:36:32.976 [main] INFO  testCases.TC_002_LoginTest - Launching Chrome Browser...
13:36:39.595 [main] INFO  testCases.TC_002_LoginTest - Launching Browser...
13:36:40.032 [main] INFO  testCases.TC_002_LoginTest - Starting TC_002_LoginTest
13:36:42.997 [main] INFO  testCases.TC_002_LoginTest - Finished TC_002_LoginTest
13:36:42.999 [main] INFO  testCases.TC_002_LoginTest - Closing application....
22:04:25.805 [main] INFO  testCases.TC_001_AccountRegistrationTest - Launching Chrome Browser...
22:04:38.548 [main] INFO  testCases.TC_001_AccountRegistrationTest - Launching Browser...
22:04:39.107 [main] INFO  testCases.TC_001_AccountRegistrationTest - ********** staring TC_001_AccountRegistrationTest  ********
22:04:39.108 [main] INFO  testCases.TC_001_AccountRegistrationTest - *** Generatingdebug logs...
22:04:39.916 [main] INFO  testCases.TC_001_AccountRegistrationTest - Clicked on My Account link
22:04:41.064 [main] INFO  testCases.TC_001_AccountRegistrationTest - Clicked on Registerlink
