23:53:48.426 [main] INFO  testCases.TC_003_LoginDataDrivenTest - Closing application....
23:55:52.748 [main] INFO  testCases.TC_003_LoginDataDrivenTest - Launching Chrome Browser...
23:56:03.182 [main] INFO  testCases.TC_003_LoginDataDrivenTest - Launching Browser...
23:56:04.797 [main] INFO  testCases.TC_003_LoginDataDrivenTest - Starting TC_003_LoginDataDrivenTest
23:56:07.997 [main] INFO  testCases.TC_003_LoginDataDrivenTest -  Finished TC_003_LoginDataDrivenTest
23:56:08.015 [main] INFO  testCases.TC_003_LoginDataDrivenTest - Starting TC_003_LoginDataDrivenTest
23:59:34.422 [main] INFO  testCases.TC_003_LoginDataDrivenTest - Launching Chrome Browser...
23:59:44.942 [main] INFO  testCases.TC_003_LoginDataDrivenTest - Launching Browser...
23:59:46.601 [main] INFO  testCases.TC_003_LoginDataDrivenTest - Starting TC_003_LoginDataDrivenTest
00:01:34.515 [main] INFO  testCases.TC_003_LoginDataDrivenTest -  Finished TC_003_LoginDataDrivenTest
00:02:11.562 [main] INFO  testCases.TC_003_LoginDataDrivenTest - Starting TC_003_LoginDataDrivenTest
00:04:29.431 [main] INFO  testCases.TC_003_LoginDataDrivenTest - Launching Chrome Browser...
00:04:39.897 [main] INFO  testCases.TC_003_LoginDataDrivenTest - Launching Browser...
00:04:41.452 [main] INFO  testCases.TC_003_LoginDataDrivenTest - Starting TC_003_LoginDataDrivenTest
00:04:44.869 [main] INFO  testCases.TC_003_LoginDataDrivenTest -  Finished TC_003_LoginDataDrivenTest
00:04:44.885 [main] INFO  testCases.TC_003_LoginDataDrivenTest - Starting TC_003_LoginDataDrivenTest
00:04:56.523 [main] INFO  testCases.TC_003_LoginDataDrivenTest -  Finished TC_003_LoginDataDrivenTest
00:04:56.528 [main] INFO  testCases.TC_003_LoginDataDrivenTest - Starting TC_003_LoginDataDrivenTest
00:05:07.605 [main] INFO  testCases.TC_003_LoginDataDrivenTest -  Finished TC_003_LoginDataDrivenTest
00:05:07.612 [main] INFO  testCases.TC_003_LoginDataDrivenTest - Starting TC_003_LoginDataDrivenTest
00:05:19.027 [main] INFO  testCases.TC_003_LoginDataDrivenTest -  Finished TC_003_LoginDataDrivenTest
00:05:19.031 [main] INFO  testCases.TC_003_LoginDataDrivenTest - Starting TC_003_LoginDataDrivenTest
00:05:31.207 [main] INFO  testCases.TC_003_LoginDataDrivenTest - Closing application....
12:22:26.232 [main] INFO  testCases.TC_001_AccountRegistrationTest - Launching Chrome Browser...
12:22:38.975 [main] INFO  testCases.TC_001_AccountRegistrationTest - Launching Browser...
12:22:39.444 [main] INFO  testCases.TC_001_AccountRegistrationTest - ********** staring TC_001_AccountRegistrationTest  ********
12:22:39.444 [main] INFO  testCases.TC_001_AccountRegistrationTest - *** Generatingdebug logs...
12:22:40.112 [main] INFO  testCases.TC_001_AccountRegistrationTest - Clicked on My Account link
12:22:41.339 [main] INFO  testCases.TC_001_AccountRegistrationTest - Clicked on Registerlink
12:22:41.349 [main] INFO  testCases.TC_001_AccountRegistrationTest - Providing customer details.....
12:22:42.841 [main] INFO  testCases.TC_001_AccountRegistrationTest - Clicked on Continue button..
12:22:43.315 [main] INFO  testCases.TC_001_AccountRegistrationTest - test passed
12:22:43.317 [main] INFO  testCases.TC_001_AccountRegistrationTest - ********** Finished TC_001_AccountRegistrationTest  ********
12:22:43.343 [main] INFO  testCases.TC_001_AccountRegistrationTest - Closing application....
12:22:43.489 [main] INFO  testCases.TC_002_LoginTest - Launching Chrome Browser...
12:22:50.417 [main] INFO  testCases.TC_002_LoginTest - Launching Browser...
12:22:50.872 [main] INFO  testCases.TC_002_LoginTest - Starting TC_002_LoginTest
12:22:54.055 [main] INFO  testCases.TC_002_LoginTest - Finished TC_002_LoginTest
12:22:54.058 [main] INFO  testCases.TC_002_LoginTest - Closing application....
12:24:04.101 [main] INFO  testCases.TC_002_LoginTest - Launching Chrome Browser...
12:24:14.682 [main] INFO  testCases.TC_002_LoginTest - Launching Browser...
12:24:15.190 [main] INFO  testCases.TC_002_LoginTest - Starting TC_002_LoginTest
12:24:18.285 [main] INFO  testCases.TC_002_LoginTest - Finished TC_002_LoginTest
12:24:18.307 [main] INFO  testCases.TC_002_LoginTest - Closing application....
12:25:06.585 [main] INFO  testCases.TC_001_AccountRegistrationTest - Launching Chrome Browser...
12:25:17.073 [main] INFO  testCases.TC_001_AccountRegistrationTest - Launching Browser...
12:25:17.533 [main] INFO  testCases.TC_001_AccountRegistrationTest - ********** staring TC_001_AccountRegistrationTest  ********
12:25:17.533 [main] INFO  testCases.TC_001_AccountRegistrationTest - *** Generatingdebug logs...
12:25:18.190 [main] INFO  testCases.TC_001_AccountRegistrationTest - Clicked on My Account link
12:25:19.231 [main] INFO  testCases.TC_001_AccountRegistrationTest - Clicked on Registerlink
12:25:19.240 [main] INFO  testCases.TC_001_AccountRegistrationTest - Providing customer details.....
12:25:20.673 [main] INFO  testCases.TC_001_AccountRegistrationTest - Clicked on Continue button..
12:25:21.061 [main] INFO  testCases.TC_001_AccountRegistrationTest - test passed
