00:07:57.475 [main] ERROR testCases.TC_001_AccountRegistrationTest - test failed
00:07:57.850 [main] INFO  testCases.TC_001_AccountRegistrationTest - Closing application....
00:07:58.030 [main] INFO  testCases.TC_002_LoginTest - Launching Chrome Browser...
00:08:04.462 [main] INFO  testCases.TC_002_LoginTest - Launching Browser...
00:08:04.974 [main] INFO  testCases.TC_002_LoginTest - Starting TC_002_LoginTest
00:08:06.977 [main] INFO  testCases.TC_002_LoginTest - Closing application....
00:10:22.593 [main] INFO  testCases.TC_001_AccountRegistrationTest - Launching Chrome Browser...
00:10:33.067 [main] INFO  testCases.TC_001_AccountRegistrationTest - Launching Browser...
00:10:33.528 [main] INFO  testCases.TC_001_AccountRegistrationTest - ********** staring TC_001_AccountRegistrationTest  ********
00:10:33.528 [main] INFO  testCases.TC_001_AccountRegistrationTest - *** Generatingdebug logs...
00:10:34.089 [main] INFO  testCases.TC_001_AccountRegistrationTest - Clicked on My Account link
00:10:35.018 [main] INFO  testCases.TC_001_AccountRegistrationTest - Clicked on Registerlink
00:10:35.027 [main] INFO  testCases.TC_001_AccountRegistrationTest - Providing customer details.....
00:10:36.434 [main] INFO  testCases.TC_001_AccountRegistrationTest - Clicked on Continue button..
00:10:36.904 [main] INFO  testCases.TC_001_AccountRegistrationTest - test passed
00:10:36.905 [main] INFO  testCases.TC_001_AccountRegistrationTest - ********** Finished TC_001_AccountRegistrationTest  ********
00:10:36.932 [main] INFO  testCases.TC_001_AccountRegistrationTest - Closing application....
00:10:37.075 [main] INFO  testCases.TC_002_LoginTest - Launching Chrome Browser...
00:10:43.428 [main] INFO  testCases.TC_002_LoginTest - Launching Browser...
00:10:43.868 [main] INFO  testCases.TC_002_LoginTest - Starting TC_002_LoginTest
00:10:45.883 [main] INFO  testCases.TC_002_LoginTest - Closing application....
18:04:48.955 [main] INFO  testCases.TC_001_AccountRegistrationTest - Launching Chrome Browser...
18:05:00.546 [main] INFO  testCases.TC_001_AccountRegistrationTest - Launching Browser...
18:05:01.002 [main] INFO  testCases.TC_001_AccountRegistrationTest - ********** staring TC_001_AccountRegistrationTest  ********
18:05:01.002 [main] INFO  testCases.TC_001_AccountRegistrationTest - *** Generatingdebug logs...
18:05:01.598 [main] INFO  testCases.TC_001_AccountRegistrationTest - Clicked on My Account link
18:05:02.828 [main] INFO  testCases.TC_001_AccountRegistrationTest - Clicked on Registerlink
18:05:02.853 [main] INFO  testCases.TC_001_AccountRegistrationTest - Providing customer details.....
18:05:04.251 [main] INFO  testCases.TC_001_AccountRegistrationTest - Clicked on Continue button..
18:05:04.769 [main] INFO  testCases.TC_001_AccountRegistrationTest - test passed
18:05:04.771 [main] INFO  testCases.TC_001_AccountRegistrationTest - ********** Finished TC_001_AccountRegistrationTest  ********
18:05:04.799 [main] INFO  testCases.TC_001_AccountRegistrationTest - Closing application....
18:05:04.941 [main] INFO  testCases.TC_002_LoginTest - Launching Chrome Browser...
18:05:11.273 [main] INFO  testCases.TC_002_LoginTest - Launching Browser...
18:05:11.704 [main] INFO  testCases.TC_002_LoginTest - Starting TC_002_LoginTest
18:05:13.825 [main] INFO  testCases.TC_002_LoginTest - Closing application....
18:10:24.099 [main] INFO  testCases.TC_001_AccountRegistrationTest - Launching Chrome Browser...
18:10:34.749 [main] INFO  testCases.TC_001_AccountRegistrationTest - Launching Browser...
18:10:35.205 [main] INFO  testCases.TC_001_AccountRegistrationTest - ********** staring TC_001_AccountRegistrationTest  ********
18:10:35.205 [main] INFO  testCases.TC_001_AccountRegistrationTest - *** Generatingdebug logs...
18:10:35.727 [main] INFO  testCases.TC_001_AccountRegistrationTest - Clicked on My Account link
18:10:36.815 [main] INFO  testCases.TC_001_AccountRegistrationTest - Clicked on Registerlink
18:10:36.821 [main] INFO  testCases.TC_001_AccountRegistrationTest - Providing customer details.....
18:10:38.215 [main] INFO  testCases.TC_001_AccountRegistrationTest - Clicked on Continue button..
18:10:38.639 [main] INFO  testCases.TC_001_AccountRegistrationTest - test passed
18:10:38.641 [main] INFO  testCases.TC_001_AccountRegistrationTest - ********** Finished TC_001_AccountRegistrationTest  ********
18:10:38.668 [main] INFO  testCases.TC_001_AccountRegistrationTest - Closing application....
18:10:38.816 [main] INFO  testCases.TC_002_LoginTest - Launching Chrome Browser...
18:10:45.217 [main] INFO  testCases.TC_002_LoginTest - Launching Browser...
18:10:45.663 [main] INFO  testCases.TC_002_LoginTest - Starting TC_002_LoginTest
18:10:47.686 [main] INFO  testCases.TC_002_LoginTest - Closing application....
18:14:09.803 [main] INFO  testCases.TC_001_AccountRegistrationTest - Launching Chrome Browser...
18:14:20.304 [main] INFO  testCases.TC_001_AccountRegistrationTest - Launching Browser...
18:14:20.766 [main] INFO  testCases.TC_001_AccountRegistrationTest - ********** staring TC_001_AccountRegistrationTest  ********
