18:24:12.507 [main] INFO  testCases.TC_001_AccountRegistrationTest - Clicked on My Account link
18:24:13.561 [main] INFO  testCases.TC_001_AccountRegistrationTest - Clicked on Registerlink
18:24:13.567 [main] INFO  testCases.TC_001_AccountRegistrationTest - Providing customer details.....
18:24:15.098 [main] INFO  testCases.TC_001_AccountRegistrationTest - Clicked on Continue button..
18:24:15.494 [main] INFO  testCases.TC_001_AccountRegistrationTest - test passed
18:24:15.496 [main] INFO  testCases.TC_001_AccountRegistrationTest - ********** Finished TC_001_AccountRegistrationTest  ********
18:24:15.503 [main] INFO  testCases.TC_001_AccountRegistrationTest - Closing application....
18:33:46.066 [main] INFO  testCases.TC_001_AccountRegistrationTest - Launching Chrome Browser...
18:33:57.663 [main] INFO  testCases.TC_001_AccountRegistrationTest - Launching Browser...
18:33:58.134 [main] INFO  testCases.TC_001_AccountRegistrationTest - ********** staring TC_001_AccountRegistrationTest  ********
18:33:58.134 [main] INFO  testCases.TC_001_AccountRegistrationTest - *** Generatingdebug logs...
18:33:58.735 [main] INFO  testCases.TC_001_AccountRegistrationTest - Clicked on My Account link
18:33:59.688 [main] INFO  testCases.TC_001_AccountRegistrationTest - Clicked on Registerlink
18:33:59.694 [main] INFO  testCases.TC_001_AccountRegistrationTest - Providing customer details.....
18:34:01.240 [main] INFO  testCases.TC_001_AccountRegistrationTest - Clicked on Continue button..
18:34:01.608 [main] INFO  testCases.TC_001_AccountRegistrationTest - test passed
18:34:01.609 [main] INFO  testCases.TC_001_AccountRegistrationTest - ********** Finished TC_001_AccountRegistrationTest  ********
18:34:01.618 [main] INFO  testCases.TC_001_AccountRegistrationTest - Closing application....
23:45:39.614 [main] INFO  testCases.TC_001_AccountRegistrationTest - Launching Chrome Browser...
23:45:51.512 [main] INFO  testCases.TC_001_AccountRegistrationTest - Launching Browser...
23:45:51.968 [main] INFO  testCases.TC_001_AccountRegistrationTest - ********** staring TC_001_AccountRegistrationTest  ********
23:45:51.968 [main] INFO  testCases.TC_001_AccountRegistrationTest - *** Generatingdebug logs...
23:45:52.553 [main] INFO  testCases.TC_001_AccountRegistrationTest - Clicked on My Account link
23:45:53.628 [main] INFO  testCases.TC_001_AccountRegistrationTest - Clicked on Registerlink
23:45:53.639 [main] INFO  testCases.TC_001_AccountRegistrationTest - Providing customer details.....
23:45:55.117 [main] INFO  testCases.TC_001_AccountRegistrationTest - Clicked on Continue button..
23:45:55.558 [main] INFO  testCases.TC_001_AccountRegistrationTest - test passed
23:45:55.560 [main] INFO  testCases.TC_001_AccountRegistrationTest - ********** Finished TC_001_AccountRegistrationTest  ********
23:45:55.585 [main] INFO  testCases.TC_001_AccountRegistrationTest - Closing application....
23:47:27.917 [main] INFO  testCases.TC_001_AccountRegistrationTest - Launching Chrome Browser...
23:47:38.326 [main] INFO  testCases.TC_001_AccountRegistrationTest - Launching Browser...
23:47:38.775 [main] INFO  testCases.TC_001_AccountRegistrationTest - ********** staring TC_001_AccountRegistrationTest  ********
23:47:38.775 [main] INFO  testCases.TC_001_AccountRegistrationTest - *** Generatingdebug logs...
23:47:39.371 [main] INFO  testCases.TC_001_AccountRegistrationTest - Clicked on My Account link
23:47:40.286 [main] INFO  testCases.TC_001_AccountRegistrationTest - Clicked on Registerlink
23:47:40.293 [main] INFO  testCases.TC_001_AccountRegistrationTest - Providing customer details.....
23:47:41.776 [main] INFO  testCases.TC_001_AccountRegistrationTest - Clicked on Continue button..
23:47:42.069 [main] INFO  testCases.TC_001_AccountRegistrationTest - test passed
23:47:42.070 [main] INFO  testCases.TC_001_AccountRegistrationTest - ********** Finished TC_001_AccountRegistrationTest  ********
23:47:42.101 [main] INFO  testCases.TC_001_AccountRegistrationTest - Closing application....
23:51:06.184 [main] INFO  testCases.TC_001_AccountRegistrationTest - Launching Chrome Browser...
23:51:17.197 [main] INFO  testCases.TC_001_AccountRegistrationTest - Launching Browser...
23:51:17.662 [main] INFO  testCases.TC_001_AccountRegistrationTest - ********** staring TC_001_AccountRegistrationTest  ********
23:51:17.662 [main] INFO  testCases.TC_001_AccountRegistrationTest - *** Generatingdebug logs...
23:51:18.287 [main] INFO  testCases.TC_001_AccountRegistrationTest - Clicked on My Account link
23:51:19.236 [main] INFO  testCases.TC_001_AccountRegistrationTest - Clicked on Registerlink
23:51:19.248 [main] INFO  testCases.TC_001_AccountRegistrationTest - Providing customer details.....
23:51:20.687 [main] INFO  testCases.TC_001_AccountRegistrationTest - Clicked on Continue button..
23:51:21.134 [main] INFO  testCases.TC_001_AccountRegistrationTest - test passed
23:51:21.135 [main] INFO  testCases.TC_001_AccountRegistrationTest - ********** Finished TC_001_AccountRegistrationTest  ********
